<?xml version="1.0" encoding="UTF-8"?>
<!-- Generated by org.testng.reporters.JUnitReportReporter -->
<testsuite skipped="0" hostname="MUTHU" name="onlinestore.testcase.LandingPageTest" tests="1" failures="0" timestamp="12 Aug 2022 16:46:32 GMT" time="12.934" errors="0">
  <testcase name="contactnovalidation" time="12.934" classname="onlinestore.testcase.LandingPageTest"/>
</testsuite> <!-- onlinestore.testcase.LandingPageTest -->
