<?xml version="1.0" encoding="UTF-8"?>
<!-- Generated by org.testng.reporters.JUnitReportReporter -->
<testsuite skipped="0" hostname="MUTHU" name="onlinestore.testcase.RegisterationPageTest" tests="1" failures="0" timestamp="13 Aug 2022 13:25:51 GMT" time="34.846" errors="0">
  <testcase name="enterRegEmailPassword" time="34.846" classname="onlinestore.testcase.RegisterationPageTest"/>
</testsuite> <!-- onlinestore.testcase.RegisterationPageTest -->
