<?xml version="1.0" encoding="UTF-8"?>
<!-- Generated by org.testng.reporters.JUnitReportReporter -->
<testsuite skipped="0" hostname="MUTHU" name="onlinestore.testcase.LandingPageTest" tests="1" failures="0" timestamp="14 Sep 2022 10:58:24 GMT" time="15.746" errors="0">
  <testcase name="titleValidation" time="15.746" classname="onlinestore.testcase.LandingPageTest"/>
</testsuite> <!-- onlinestore.testcase.LandingPageTest -->
